<?xml version="1.0" encoding="UTF-8"?>
<!-- Generated by org.testng.reporters.JUnitReportReporter -->
<testsuite hostname="BLR-SOFT--68" name="HotelsWeb.HotelsWebExecution" tests="3" failures="0" timestamp="17 Oct 2018 06:19:15 GMT" time="340.711" errors="0">
  <testcase name="hotelAutomation_Hotelsearch_DetailsPage_MetaPrice" time="53.559" classname="HotelsWeb.HotelsWebExecution"/>
  <testcase name="hotelAutomation_CitySearch_Resultpage_MetaPrice" time="253.108" classname="HotelsWeb.HotelsWebExecution"/>
  <testcase name="hotelAutomation_Redirections" time="34.044" classname="HotelsWeb.HotelsWebExecution"/>
</testsuite> <!-- HotelsWeb.HotelsWebExecution -->
