<?xml version="1.0" encoding="UTF-8"?>
<!-- Generated by org.testng.reporters.JUnitReportReporter -->
<testsuite hostname="BLR-SOFT--68" name="HotelsWeb.HotelsWebExecution" tests="3" failures="0" timestamp="26 Oct 2018 10:50:08 GMT" time="336.609" errors="0">
  <testcase name="hotelAutomation_Hotelsearch_DetailsPage_MetaPrice" time="50.396" classname="HotelsWeb.HotelsWebExecution"/>
  <testcase name="hotelAutomation_CitySearch_Resultpage_MetaPrice" time="247.337" classname="HotelsWeb.HotelsWebExecution"/>
  <testcase name="hotelAutomation_Redirections" time="38.876" classname="HotelsWeb.HotelsWebExecution"/>
</testsuite> <!-- HotelsWeb.HotelsWebExecution -->
